<?xml version="1.0" encoding="UTF-8"?>
<testng-results skipped="0" failed="0" ignored="0" total="1" passed="1">
  <reporter-output>
  </reporter-output>
  <suite name="Default suite" duration-ms="28760" started-at="2018-12-11T16:36:58Z" finished-at="2018-12-11T16:37:27Z">
    <groups>
      <group name="cucumber">
        <method signature="AbstractTestNGCucumberTests.feature(cucumber.api.testng.CucumberFeatureWrapper)[pri:0, instance:runner.TestRunner@223f3642]" name="feature" class="cucumber.api.testng.AbstractTestNGCucumberTests"/>
      </group> <!-- cucumber -->
    </groups>
    <test name="Default test" duration-ms="28760" started-at="2018-12-11T16:36:58Z" finished-at="2018-12-11T16:37:27Z">
      <class name="runner.TestRunner">
        <test-method status="PASS" signature="setUpClass()[pri:0, instance:runner.TestRunner@223f3642]" name="setUpClass" is-config="true" duration-ms="531" started-at="2018-12-11T16:36:58Z" finished-at="2018-12-11T16:36:59Z">
          <reporter-output>
          </reporter-output>
        </test-method> <!-- setUpClass -->
        <test-method status="PASS" signature="feature(cucumber.api.testng.CucumberFeatureWrapper)[pri:0, instance:runner.TestRunner@223f3642]" name="feature" duration-ms="27620" started-at="2018-12-11T16:36:59Z" description="Runs Cucumber Feature" data-provider="features" finished-at="2018-12-11T16:37:27Z">
          <params>
            <param index="0">
              <value>
                <![CDATA[Create a bank customer]]>
              </value>
            </param>
          </params>
          <reporter-output>
          </reporter-output>
        </test-method> <!-- feature -->
        <test-method status="PASS" signature="tearDownClass()[pri:0, instance:runner.TestRunner@223f3642]" name="tearDownClass" is-config="true" duration-ms="15" started-at="2018-12-11T16:37:27Z" finished-at="2018-12-11T16:37:27Z">
          <reporter-output>
          </reporter-output>
        </test-method> <!-- tearDownClass -->
      </class> <!-- runner.TestRunner -->
    </test> <!-- Default test -->
  </suite> <!-- Default suite -->
</testng-results>
